0 info it worked if it ends with ok
1 verbose cli [ 'C:\\Program Files (x86)\\nodejs\\node.exe',
1 verbose cli   'C:\\Program Files (x86)\\nodejs\\node_modules\\npm\\bin\\npm-cli.js',
1 verbose cli   'run',
1 verbose cli   'dev' ]
2 info using npm@3.10.10
3 info using node@v6.11.0
4 verbose run-script [ 'predev', 'dev', 'postdev' ]
5 info lifecycle vuxapp@1.0.0~predev: vuxapp@1.0.0
6 silly lifecycle vuxapp@1.0.0~predev: no script for predev, continuing
7 info lifecycle vuxapp@1.0.0~dev: vuxapp@1.0.0
8 verbose lifecycle vuxapp@1.0.0~dev: unsafe-perm in lifecycle true
9 verbose lifecycle vuxapp@1.0.0~dev: PATH: C:\Program Files (x86)\nodejs\node_modules\npm\bin\node-gyp-bin;C:\Users\Administrator\Desktop\饿了吗\node_modules\.bin;C:\ProgramData\Oracle\Java\javapath;%JAVA_HOME%\bin;D:\javaweb\Java\jdk1.8.0_73\bin;F:\java\bin;C:\Windows\system32;C:\Windows;C:\Windows\system32\wbem;C:\Program Files (x86)\MySQL\MySQL Server 5.5\bin\;C:\Program Files (x86)\Microsoft SQL Server\100\Tools\Binn\;C:\Program Files (x86)\Microsoft SQL Server\100\DTS\Binn\;C:\Program Files (x86)\Microsoft SQL Server\100\Tools\Binn\VSShell\Common7\IDE\;C:\Program Files (x86)\Microsoft Visual Studio 9.0\Common7\IDE\PrivateAssemblies\;C:\Program Files (x86)\nodejs\;C:\Program Files\TortoiseSVN\bin;D:\javaweb\Java\jdk1.8.0_73\bin;C:\Program Files (x86)\Microsoft VS Code\bin;C:\Users\Administrator\AppData\Roaming\npm
10 verbose lifecycle vuxapp@1.0.0~dev: CWD: C:\Users\Administrator\Desktop\饿了吗
11 silly lifecycle vuxapp@1.0.0~dev: Args: [ '/d /s /c', 'node build/dev-server.js' ]
12 silly lifecycle vuxapp@1.0.0~dev: Returned: code: 3221225786  signal: null
13 info lifecycle vuxapp@1.0.0~dev: Failed to exec dev script
14 verbose stack Error: vuxapp@1.0.0 dev: `node build/dev-server.js`
14 verbose stack Exit status 3221225786
14 verbose stack     at EventEmitter.<anonymous> (C:\Program Files (x86)\nodejs\node_modules\npm\lib\utils\lifecycle.js:255:16)
14 verbose stack     at emitTwo (events.js:106:13)
14 verbose stack     at EventEmitter.emit (events.js:191:7)
14 verbose stack     at ChildProcess.<anonymous> (C:\Program Files (x86)\nodejs\node_modules\npm\lib\utils\spawn.js:40:14)
14 verbose stack     at emitTwo (events.js:106:13)
14 verbose stack     at ChildProcess.emit (events.js:191:7)
14 verbose stack     at maybeClose (internal/child_process.js:891:16)
14 verbose stack     at Process.ChildProcess._handle.onexit (internal/child_process.js:226:5)
15 verbose pkgid vuxapp@1.0.0
16 verbose cwd C:\Users\Administrator\Desktop\饿了吗
17 error Windows_NT 6.1.7601
18 error argv "C:\\Program Files (x86)\\nodejs\\node.exe" "C:\\Program Files (x86)\\nodejs\\node_modules\\npm\\bin\\npm-cli.js" "run" "dev"
19 error node v6.11.0
20 error npm  v3.10.10
21 error code ELIFECYCLE
22 error vuxapp@1.0.0 dev: `node build/dev-server.js`
22 error Exit status 3221225786
23 error Failed at the vuxapp@1.0.0 dev script 'node build/dev-server.js'.
23 error Make sure you have the latest version of node.js and npm installed.
23 error If you do, this is most likely a problem with the vuxapp package,
23 error not with npm itself.
23 error Tell the author that this fails on your system:
23 error     node build/dev-server.js
23 error You can get information on how to open an issue for this project with:
23 error     npm bugs vuxapp
23 error Or if that isn't available, you can get their info via:
23 error     npm owner ls vuxapp
23 error There is likely additional logging output above.
24 verbose exit [ 1, true ]
